<?xml version="1.0" encoding="UTF-8"?>
<!-- Generated by org.testng.reporters.JUnitReportReporter -->
<testsuite hostname="DESKTOP-AC14740" failures="0" tests="1" name="APITutor1.SumoValiTest" time="1.187" errors="0" timestamp="2023-04-01T15:40:21 IST" skipped="0">
  <testcase classname="APITutor1.SumoValiTest" name="sumOfCourTest" time="1.187"/>
  <system-out/>
</testsuite> <!-- APITutor1.SumoValiTest -->
